{"name": "Division avec vérification incorrecte - ÉCHEC", "status": "failed", "statusDetails": {"message": "AssertionError: assert 5.0 == 6", "trace": "self = <tests.test_calculator.TestCalculatorBasic object at 0x0000023ACBF86510>, calc = <src.calculator.Calculator object at 0x0000023ACBFD5710>\n\n>   ???\nE   assert 5.0 == 6\n\nC:\\Users\\amigne2025\\Documents\\GitHub\\tp4\\tests\\test_calculator.py:107: AssertionError"}, "description": "Ce test échoue intentionnellement pour démontrer les rapports d'échec", "start": 1769093847752, "stop": 1769093847752, "uuid": "b2eb170b-0863-43b1-9150-7a7be8945c00", "historyId": "cd34282228abc49e8d8b37e1c4df9a77", "testCaseId": "cd34282228abc49e8d8b37e1c4df9a77", "fullName": "tests.test_calculator.TestCalculatorBasic#test_divide_incorrect_assertion", "labels": [{"name": "severity", "value": "normal"}, {"name": "story", "value": "Division"}, {"name": "epic", "value": "Calculator API"}, {"name": "feature", "value": "Opérations arithmétiques de base"}, {"name": "parentSuite", "value": "tests"}, {"name": "suite", "value": "test_calculator"}, {"name": "subSuite", "value": "TestCalculatorBasic"}, {"name": "host", "value": "DESKTOP-FKGA7Q2"}, {"name": "thread", "value": "9720-MainThread"}, {"name": "framework", "value": "pytest"}, {"name": "language", "value": "cpython3"}, {"name": "package", "value": "tests.test_calculator"}]}