{"name": "Puissance avec base négative - assertion incorrecte", "status": "failed", "statusDetails": {"message": "AssertionError: assert 4 == -4", "trace": "self = <tests.test_calculator_advanced.TestCalculatorAdvanced object at 0x0000021BC1698B00>, calc = <src.calculator.Calculator object at 0x0000021BC16EDC80>\n\n>   ???\nE   assert 4 == -4\n\nC:\\Users\\amigne2025\\Documents\\GitHub\\tp4\\tests\\test_calculator_advanced.py:42: AssertionError"}, "description": "Ce test échoue - bug dans l'assertion", "start": 1769093622534, "stop": 1769093622534, "uuid": "d86b4535-5886-4576-a113-45df267ebf3c", "historyId": "9ec68ac9d6de1333e18562331db3a4a2", "testCaseId": "9ec68ac9d6de1333e18562331db3a4a2", "fullName": "tests.test_calculator_advanced.TestCalculatorAdvanced#test_power_negative_base_incorrect", "labels": [{"name": "epic", "value": "Calculator API"}, {"name": "severity", "value": "normal"}, {"name": "feature", "value": "Opérations avancées et edge cases"}, {"name": "story", "value": "Puissance"}, {"name": "parentSuite", "value": "tests"}, {"name": "suite", "value": "test_calculator_advanced"}, {"name": "subSuite", "value": "TestCalculatorAdvanced"}, {"name": "host", "value": "DESKTOP-FKGA7Q2"}, {"name": "thread", "value": "9360-MainThread"}, {"name": "framework", "value": "pytest"}, {"name": "language", "value": "cpython3"}, {"name": "package", "value": "tests.test_calculator_advanced"}]}