{"name": "Factorielle de 10 - vérification incorrecte", "status": "failed", "statusDetails": {"message": "AssertionError: assert 3628800 == 999999", "trace": "self = <tests.test_calculator_advanced.TestCalculatorAdvanced object at 0x0000023ACBFD4050>, calc = <src.calculator.Calculator object at 0x0000023ACBFDCC50>\n\n>   ???\nE   assert 3628800 == 999999\n\nC:\\Users\\amigne2025\\Documents\\GitHub\\tp4\\tests\\test_calculator_advanced.py:101: AssertionError"}, "description": "Ce test échoue intentionnellement", "start": 1769093849791, "stop": 1769093849791, "uuid": "d19811a5-ada0-4fdb-af74-f20b51da48de", "historyId": "a66f8f0f07c0d12205151db5f0cc44a1", "testCaseId": "a66f8f0f07c0d12205151db5f0cc44a1", "fullName": "tests.test_calculator_advanced.TestCalculatorAdvanced#test_factorial_10_incorrect", "labels": [{"name": "story", "value": "Factorielle"}, {"name": "feature", "value": "Opérations avancées et edge cases"}, {"name": "epic", "value": "Calculator API"}, {"name": "parentSuite", "value": "tests"}, {"name": "suite", "value": "test_calculator_advanced"}, {"name": "subSuite", "value": "TestCalculatorAdvanced"}, {"name": "host", "value": "DESKTOP-FKGA7Q2"}, {"name": "thread", "value": "9720-MainThread"}, {"name": "framework", "value": "pytest"}, {"name": "language", "value": "cpython3"}, {"name": "package", "value": "tests.test_calculator_advanced"}]}