{"name": "Puissance avec base négative - assertion incorrecte", "status": "failed", "statusDetails": {"message": "AssertionError: assert 4 == -4", "trace": "self = <tests.test_calculator_advanced.TestCalculatorAdvanced object at 0x0000023ACBF98B00>, calc = <src.calculator.Calculator object at 0x0000023ACBFE9C80>\n\n>   ???\nE   assert 4 == -4\n\nC:\\Users\\amigne2025\\Documents\\GitHub\\tp4\\tests\\test_calculator_advanced.py:42: AssertionError"}, "description": "Ce test échoue - bug dans l'assertion", "start": 1769093848490, "stop": 1769093848490, "uuid": "7ac2b363-fa1f-49f4-954f-a9a981b24f19", "historyId": "9ec68ac9d6de1333e18562331db3a4a2", "testCaseId": "9ec68ac9d6de1333e18562331db3a4a2", "fullName": "tests.test_calculator_advanced.TestCalculatorAdvanced#test_power_negative_base_incorrect", "labels": [{"name": "story", "value": "Puissance"}, {"name": "feature", "value": "Opérations avancées et edge cases"}, {"name": "severity", "value": "normal"}, {"name": "epic", "value": "Calculator API"}, {"name": "parentSuite", "value": "tests"}, {"name": "suite", "value": "test_calculator_advanced"}, {"name": "subSuite", "value": "TestCalculatorAdvanced"}, {"name": "host", "value": "DESKTOP-FKGA7Q2"}, {"name": "thread", "value": "9720-MainThread"}, {"name": "framework", "value": "pytest"}, {"name": "language", "value": "cpython3"}, {"name": "package", "value": "tests.test_calculator_advanced"}]}