{"name": "Calcul incorrect - ÉCHEC", "status": "failed", "statusDetails": {"message": "AssertionError: assert 16 == 15", "trace": "self = <tests.test_calculator_integration.TestCalculatorIntegration object at 0x0000021BC16988A0>, calc = <src.calculator.Calculator object at 0x0000021BC16EB2A0>\n\n>   ???\nE   assert 16 == 15\n\nC:\\Users\\amigne2025\\Documents\\GitHub\\tp4\\tests\\test_calculator_integration.py:45: AssertionError"}, "description": "Ce test échoue - logique incorrecte", "start": 1769093623258, "stop": 1769093623258, "uuid": "f8d5ce66-e40c-4cb3-a172-821f2baa5565", "historyId": "553c9f187251b4aea9a57deaad384bfa", "testCaseId": "553c9f187251b4aea9a57deaad384bfa", "fullName": "tests.test_calculator_integration.TestCalculatorIntegration#test_complex_calculation_incorrect", "labels": [{"name": "epic", "value": "Calculator API"}, {"name": "feature", "value": "Tests d'intégration"}, {"name": "severity", "value": "critical"}, {"name": "story", "value": "Opérations combinées"}, {"name": "parentSuite", "value": "tests"}, {"name": "suite", "value": "test_calculator_integration"}, {"name": "subSuite", "value": "TestCalculatorIntegration"}, {"name": "host", "value": "DESKTOP-FKGA7Q2"}, {"name": "thread", "value": "9360-MainThread"}, {"name": "framework", "value": "pytest"}, {"name": "language", "value": "cpython3"}, {"name": "package", "value": "tests.test_calculator_integration"}]}