{"uid":"b891ded599a7335","name":"Calcul incorrect - ÉCHEC","fullName":"tests.test_calculator_integration.TestCalculatorIntegration#test_complex_calculation_incorrect","historyId":"553c9f187251b4aea9a57deaad384bfa","time":{"start":1769094380103,"stop":1769094380103,"duration":0},"description":"Ce test échoue - logique incorrecte","descriptionHtml":"<p>Ce test échoue - logique incorrecte</p>\n","status":"failed","statusMessage":"AssertionError: assert 16 == 15","statusTrace":"tests\\test_calculator_integration.py:45: in test_complex_calculation_incorrect\n    assert result == 15  # Devrait être 16, donc échec\n    ^^^^^^^^^^^^^^^^^^^\nE   assert 16 == 15","flaky":false,"newFailed":false,"newBroken":false,"newPassed":false,"retriesCount":3,"retriesStatusChange":false,"beforeStages":[{"name":"calc","time":{"start":1769094380102,"stop":1769094380102,"duration":0},"status":"passed","steps":[],"attachments":[],"parameters":[],"hasContent":false,"stepsCount":0,"attachmentsCount":0,"shouldDisplayMessage":false,"attachmentStep":false}],"afterStages":[],"labels":[{"name":"feature","value":"Tests d'intégration"},{"name":"story","value":"Opérations combinées"},{"name":"epic","value":"Calculator API"},{"name":"severity","value":"critical"},{"name":"parentSuite","value":"tests"},{"name":"suite","value":"test_calculator_integration"},{"name":"subSuite","value":"TestCalculatorIntegration"},{"name":"host","value":"DESKTOP-FKGA7Q2"},{"name":"thread","value":"2128-MainThread"},{"name":"framework","value":"pytest"},{"name":"language","value":"cpython3"},{"name":"package","value":"tests.test_calculator_integration"},{"name":"resultFormat","value":"allure2"}],"parameters":[],"links":[],"hidden":false,"retry":false,"extra":{"severity":"critical","retries":[{"uid":"7f95e13e416f4887","status":"failed","statusDetails":"AssertionError: assert 16 == 15","time":{"start":1769094351411,"stop":1769094351411,"duration":0}},{"uid":"5cca1060d529b5e3","status":"failed","statusDetails":"AssertionError: assert 16 == 15","time":{"start":1769093849989,"stop":1769093849989,"duration":0}},{"uid":"b8708319f22f904c","status":"failed","statusDetails":"AssertionError: assert 16 == 15","time":{"start":1769093623258,"stop":1769093623258,"duration":0}}],"categories":[{"name":"Product defects","matchedStatuses":[]}],"tags":[]},"source":"b891ded599a7335.json","parameterValues":[]}