{"uid":"fde2f72f849fae1b","name":"Puissance avec base négative - assertion incorrecte","fullName":"tests.test_calculator_advanced.TestCalculatorAdvanced#test_power_negative_base_incorrect","historyId":"9ec68ac9d6de1333e18562331db3a4a2","time":{"start":1769094379732,"stop":1769094379732,"duration":0},"description":"Ce test échoue - bug dans l'assertion","descriptionHtml":"<p>Ce test échoue - bug dans l'assertion</p>\n","status":"failed","statusMessage":"AssertionError: assert 4 == -4","statusTrace":"tests\\test_calculator_advanced.py:42: in test_power_negative_base_incorrect\n    assert result == -4  # Devrait être 4, donc échec\n    ^^^^^^^^^^^^^^^^^^^\nE   assert 4 == -4","flaky":false,"newFailed":false,"newBroken":false,"newPassed":false,"retriesCount":3,"retriesStatusChange":false,"beforeStages":[{"name":"calc","time":{"start":1769094379731,"stop":1769094379732,"duration":1},"status":"passed","steps":[],"attachments":[],"parameters":[],"hasContent":false,"stepsCount":0,"attachmentsCount":0,"shouldDisplayMessage":false,"attachmentStep":false}],"afterStages":[],"labels":[{"name":"severity","value":"normal"},{"name":"epic","value":"Calculator API"},{"name":"feature","value":"Opérations avancées et edge cases"},{"name":"story","value":"Puissance"},{"name":"parentSuite","value":"tests"},{"name":"suite","value":"test_calculator_advanced"},{"name":"subSuite","value":"TestCalculatorAdvanced"},{"name":"host","value":"DESKTOP-FKGA7Q2"},{"name":"thread","value":"2128-MainThread"},{"name":"framework","value":"pytest"},{"name":"language","value":"cpython3"},{"name":"package","value":"tests.test_calculator_advanced"},{"name":"resultFormat","value":"allure2"}],"parameters":[],"links":[],"hidden":false,"retry":false,"extra":{"severity":"normal","retries":[{"uid":"cb65c6ccec4c0fb4","status":"failed","statusDetails":"AssertionError: assert 4 == -4","time":{"start":1769094351163,"stop":1769094351163,"duration":0}},{"uid":"8942d1ed7df12fbf","status":"failed","statusDetails":"AssertionError: assert 4 == -4","time":{"start":1769093848490,"stop":1769093848490,"duration":0}},{"uid":"c48416dfbe2d55f7","status":"failed","statusDetails":"AssertionError: assert 4 == -4","time":{"start":1769093622534,"stop":1769093622534,"duration":0}}],"categories":[{"name":"Product defects","matchedStatuses":[]}],"tags":[]},"source":"fde2f72f849fae1b.json","parameterValues":[]}